<?xml version="1.0" encoding="UTF-8"?>
<testng-results ignored="0" total="2" passed="2" failed="0" skipped="0">
  <reporter-output>
  </reporter-output>
  <suite started-at="2023-02-15T20:48:22 IST" name="All Test Suite" finished-at="2023-02-15T20:48:22 IST" duration-ms="195">
    <groups>
    </groups>
    <test started-at="2023-02-15T20:48:22 IST" name="RCBTeamTests" finished-at="2023-02-15T20:48:22 IST" duration-ms="195">
      <class name="RCBTeamValidation">
        <test-method is-config="true" signature="readTeamRCBFile()[pri:0, instance:RCBTeamValidation@be64738]" started-at="2023-02-15T20:48:22 IST" name="readTeamRCBFile" finished-at="2023-02-15T20:48:22 IST" duration-ms="18" status="PASS">
          <reporter-output>
          </reporter-output>
        </test-method> <!-- readTeamRCBFile -->
        <test-method signature="validateForeignPlayersCount()[pri:0, instance:RCBTeamValidation@be64738]" started-at="2023-02-15T20:48:22 IST" name="validateForeignPlayersCount" finished-at="2023-02-15T20:48:22 IST" duration-ms="118" status="PASS">
          <reporter-output>
          </reporter-output>
        </test-method> <!-- validateForeignPlayersCount -->
        <test-method signature="validateWicketKeepersCount()[pri:0, instance:RCBTeamValidation@be64738]" started-at="2023-02-15T20:48:22 IST" name="validateWicketKeepersCount" finished-at="2023-02-15T20:48:22 IST" duration-ms="4" status="PASS">
          <reporter-output>
          </reporter-output>
        </test-method> <!-- validateWicketKeepersCount -->
      </class> <!-- RCBTeamValidation -->
    </test> <!-- RCBTeamTests -->
  </suite> <!-- All Test Suite -->
</testng-results>
